This is pdfTeX, Version 3.14159265-2.6-1.40.20 (TeX Live 2019/Debian) (preloaded format=pdflatex 2022.1.9)  11 JAN 2022 17:28
entering extended mode
 restricted \write18 enabled.
 %&-line parsing enabled.
**monografia.tex
(./monografia.tex
LaTeX2e <2020-02-02> patch level 2
L3 programming layer <2020-02-14>
(/usr/share/texlive/texmf-dist/tex/latex/base/article.cls
Document Class: article 2019/12/20 v1.4l Standard LaTeX document class
(/usr/share/texlive/texmf-dist/tex/latex/base/size12.clo
File: size12.clo 2019/12/20 v1.4l Standard LaTeX file (size option)
)
\c@part=\count167
\c@section=\count168
\c@subsection=\count169
\c@subsubsection=\count170
\c@paragraph=\count171
\c@subparagraph=\count172
\c@figure=\count173
\c@table=\count174
\abovecaptionskip=\skip47
\belowcaptionskip=\skip48
\bibindent=\dimen134
)
(/usr/share/texlive/texmf-dist/tex/latex/base/fontenc.sty
Package: fontenc 2020/02/11 v2.0o Standard LaTeX package
)
(/usr/share/texlive/texmf-dist/tex/latex/base/inputenc.sty
Package: inputenc 2018/08/11 v1.3c Input encoding file
\inpenc@prehook=\toks14
\inpenc@posthook=\toks15
)
(/usr/share/texmf/tex/latex/lm/lmodern.sty
Package: lmodern 2009/10/30 v1.6 Latin Modern Fonts
LaTeX Font Info:    Overwriting symbol font `operators' in version `normal'
(Font)                  OT1/cmr/m/n --> OT1/lmr/m/n on input line 22.
LaTeX Font Info:    Overwriting symbol font `letters' in version `normal'
(Font)                  OML/cmm/m/it --> OML/lmm/m/it on input line 23.
LaTeX Font Info:    Overwriting symbol font `symbols' in version `normal'
(Font)                  OMS/cmsy/m/n --> OMS/lmsy/m/n on input line 24.
LaTeX Font Info:    Overwriting symbol font `largesymbols' in version `normal'
(Font)                  OMX/cmex/m/n --> OMX/lmex/m/n on input line 25.
LaTeX Font Info:    Overwriting symbol font `operators' in version `bold'
(Font)                  OT1/cmr/bx/n --> OT1/lmr/bx/n on input line 26.
LaTeX Font Info:    Overwriting symbol font `letters' in version `bold'
(Font)                  OML/cmm/b/it --> OML/lmm/b/it on input line 27.
LaTeX Font Info:    Overwriting symbol font `symbols' in version `bold'
(Font)                  OMS/cmsy/b/n --> OMS/lmsy/b/n on input line 28.
LaTeX Font Info:    Overwriting symbol font `largesymbols' in version `bold'
(Font)                  OMX/cmex/m/n --> OMX/lmex/m/n on input line 29.
LaTeX Font Info:    Overwriting math alphabet `\mathbf' in version `normal'
(Font)                  OT1/cmr/bx/n --> OT1/lmr/bx/n on input line 31.
LaTeX Font Info:    Overwriting math alphabet `\mathsf' in version `normal'
(Font)                  OT1/cmss/m/n --> OT1/lmss/m/n on input line 32.
LaTeX Font Info:    Overwriting math alphabet `\mathit' in version `normal'
(Font)                  OT1/cmr/m/it --> OT1/lmr/m/it on input line 33.
LaTeX Font Info:    Overwriting math alphabet `\mathtt' in version `normal'
(Font)                  OT1/cmtt/m/n --> OT1/lmtt/m/n on input line 34.
LaTeX Font Info:    Overwriting math alphabet `\mathbf' in version `bold'
(Font)                  OT1/cmr/bx/n --> OT1/lmr/bx/n on input line 35.
LaTeX Font Info:    Overwriting math alphabet `\mathsf' in version `bold'
(Font)                  OT1/cmss/bx/n --> OT1/lmss/bx/n on input line 36.
LaTeX Font Info:    Overwriting math alphabet `\mathit' in version `bold'
(Font)                  OT1/cmr/bx/it --> OT1/lmr/bx/it on input line 37.
LaTeX Font Info:    Overwriting math alphabet `\mathtt' in version `bold'
(Font)                  OT1/cmtt/m/n --> OT1/lmtt/m/n on input line 38.
)
(/usr/share/texlive/texmf-dist/tex/latex/hyperref/hyperref.sty
Package: hyperref 2020/01/14 v7.00d Hypertext links for LaTeX

(/usr/share/texlive/texmf-dist/tex/generic/ltxcmds/ltxcmds.sty
Package: ltxcmds 2019/12/15 v1.24 LaTeX kernel commands for general use (HO)
)
(/usr/share/texlive/texmf-dist/tex/generic/iftex/iftex.sty
Package: iftex 2019/11/07 v1.0c TeX engine tests
)
(/usr/share/texlive/texmf-dist/tex/latex/pdftexcmds/pdftexcmds.sty
Package: pdftexcmds 2019/11/24 v0.31 Utility functions of pdfTeX for LuaTeX (HO
)

(/usr/share/texlive/texmf-dist/tex/generic/infwarerr/infwarerr.sty
Package: infwarerr 2019/12/03 v1.5 Providing info/warning/error messages (HO)
)
Package pdftexcmds Info: \pdf@primitive is available.
Package pdftexcmds Info: \pdf@ifprimitive is available.
Package pdftexcmds Info: \pdfdraftmode found.
)
(/usr/share/texlive/texmf-dist/tex/latex/graphics/keyval.sty
Package: keyval 2014/10/28 v1.15 key=value parser (DPC)
\KV@toks@=\toks16
)
(/usr/share/texlive/texmf-dist/tex/generic/kvsetkeys/kvsetkeys.sty
Package: kvsetkeys 2019/12/15 v1.18 Key value parser (HO)
)
(/usr/share/texlive/texmf-dist/tex/generic/kvdefinekeys/kvdefinekeys.sty
Package: kvdefinekeys 2019-12-19 v1.6 Define keys (HO)
)
(/usr/share/texlive/texmf-dist/tex/generic/pdfescape/pdfescape.sty
Package: pdfescape 2019/12/09 v1.15 Implements pdfTeX's escape features (HO)
)
(/usr/share/texlive/texmf-dist/tex/latex/hycolor/hycolor.sty
Package: hycolor 2020-01-27 v1.10 Color options for hyperref/bookmark (HO)
)
(/usr/share/texlive/texmf-dist/tex/latex/letltxmacro/letltxmacro.sty
Package: letltxmacro 2019/12/03 v1.6 Let assignment for LaTeX macros (HO)
)
(/usr/share/texlive/texmf-dist/tex/latex/auxhook/auxhook.sty
Package: auxhook 2019-12-17 v1.6 Hooks for auxiliary files (HO)
)
(/usr/share/texlive/texmf-dist/tex/latex/kvoptions/kvoptions.sty
Package: kvoptions 2019/11/29 v3.13 Key value format for package options (HO)
)
\@linkdim=\dimen135
\Hy@linkcounter=\count175
\Hy@pagecounter=\count176

(/usr/share/texlive/texmf-dist/tex/latex/hyperref/pd1enc.def
File: pd1enc.def 2020/01/14 v7.00d Hyperref: PDFDocEncoding definition (HO)
Now handling font encoding PD1 ...
... no UTF-8 mapping file for font encoding PD1
)
(/usr/share/texlive/texmf-dist/tex/generic/intcalc/intcalc.sty
Package: intcalc 2019/12/15 v1.3 Expandable calculations with integers (HO)
)
(/usr/share/texlive/texmf-dist/tex/generic/etexcmds/etexcmds.sty
Package: etexcmds 2019/12/15 v1.7 Avoid name clashes with e-TeX commands (HO)
)
\Hy@SavedSpaceFactor=\count177
\pdfmajorversion=\count178
Package hyperref Info: Hyper figures OFF on input line 4547.
Package hyperref Info: Link nesting OFF on input line 4552.
Package hyperref Info: Hyper index ON on input line 4555.
Package hyperref Info: Plain pages OFF on input line 4562.
Package hyperref Info: Backreferencing OFF on input line 4567.
Package hyperref Info: Implicit mode ON; LaTeX internals redefined.
Package hyperref Info: Bookmarks ON on input line 4800.
\c@Hy@tempcnt=\count179

(/usr/share/texlive/texmf-dist/tex/latex/url/url.sty
\Urlmuskip=\muskip16
Package: url 2013/09/16  ver 3.4  Verb mode for urls, etc.
)
LaTeX Info: Redefining \url on input line 5159.
\XeTeXLinkMargin=\dimen136

(/usr/share/texlive/texmf-dist/tex/generic/bitset/bitset.sty
Package: bitset 2019/12/09 v1.3 Handle bit-vector datatype (HO)

(/usr/share/texlive/texmf-dist/tex/generic/bigintcalc/bigintcalc.sty
Package: bigintcalc 2019/12/15 v1.5 Expandable calculations on big integers (HO
)
))
\Fld@menulength=\count180
\Field@Width=\dimen137
\Fld@charsize=\dimen138
Package hyperref Info: Hyper figures OFF on input line 6430.
Package hyperref Info: Link nesting OFF on input line 6435.
Package hyperref Info: Hyper index ON on input line 6438.
Package hyperref Info: backreferencing OFF on input line 6445.
Package hyperref Info: Link coloring OFF on input line 6450.
Package hyperref Info: Link coloring with OCG OFF on input line 6455.
Package hyperref Info: PDF/A mode OFF on input line 6460.
LaTeX Info: Redefining \ref on input line 6500.
LaTeX Info: Redefining \pageref on input line 6504.

(/usr/share/texlive/texmf-dist/tex/generic/atbegshi/atbegshi.sty
Package: atbegshi 2019/12/05 v1.19 At begin shipout hook (HO)
)
\Hy@abspage=\count181
\c@Item=\count182
\c@Hfootnote=\count183
)
Package hyperref Info: Driver (autodetected): hpdftex.

(/usr/share/texlive/texmf-dist/tex/latex/hyperref/hpdftex.def
File: hpdftex.def 2020/01/14 v7.00d Hyperref driver for pdfTeX

(/usr/share/texlive/texmf-dist/tex/latex/atveryend/atveryend.sty
Package: atveryend 2019-12-11 v1.11 Hooks at the very end of document (HO)
Package atveryend Info: \enddocument detected (standard20110627).
)
\Fld@listcount=\count184
\c@bookmark@seq@number=\count185

(/usr/share/texlive/texmf-dist/tex/latex/rerunfilecheck/rerunfilecheck.sty
Package: rerunfilecheck 2019/12/05 v1.9 Rerun checks for auxiliary files (HO)

(/usr/share/texlive/texmf-dist/tex/generic/uniquecounter/uniquecounter.sty
Package: uniquecounter 2019/12/15 v1.4 Provide unlimited unique counter (HO)
)
Package uniquecounter Info: New unique counter `rerunfilecheck' on input line 2
86.
)
\Hy@SectionHShift=\skip49
)
(/usr/share/texlive/texmf-dist/tex/latex/tools/indentfirst.sty
Package: indentfirst 1995/11/23 v1.03 Indent first paragraph (DPC)
)
(/usr/share/texlive/texmf-dist/tex/latex/graphics/graphicx.sty
Package: graphicx 2019/11/30 v1.2a Enhanced LaTeX Graphics (DPC,SPQR)

(/usr/share/texlive/texmf-dist/tex/latex/graphics/graphics.sty
Package: graphics 2019/11/30 v1.4a Standard LaTeX Graphics (DPC,SPQR)

(/usr/share/texlive/texmf-dist/tex/latex/graphics/trig.sty
Package: trig 2016/01/03 v1.10 sin cos tan (DPC)
)
(/usr/share/texlive/texmf-dist/tex/latex/graphics-cfg/graphics.cfg
File: graphics.cfg 2016/06/04 v1.11 sample graphics configuration
)
Package graphics Info: Driver file: pdftex.def on input line 105.

(/usr/share/texlive/texmf-dist/tex/latex/graphics-def/pdftex.def
File: pdftex.def 2018/01/08 v1.0l Graphics/color driver for pdftex
))
\Gin@req@height=\dimen139
\Gin@req@width=\dimen140
)
(/usr/share/texlive/texmf-dist/tex/latex/hyphenat/hyphenat.sty
Package: hyphenat 2009/09/02 v2.3c hyphenation utilities
\langwohyphens=\language85
LaTeX Info: Redefining \_ on input line 43.
)
(/usr/share/texlive/texmf-dist/tex/latex/l3backend/l3backend-pdfmode.def
File: l3backend-pdfmode.def 2020-02-03 L3 backend support: PDF mode
\l__kernel_color_stack_int=\count186
\l__pdf_internal_box=\box45
)
(./monografia.aux)
\openout1 = `monografia.aux'.

LaTeX Font Info:    Checking defaults for OML/cmm/m/it on input line 21.
LaTeX Font Info:    ... okay on input line 21.
LaTeX Font Info:    Checking defaults for OMS/cmsy/m/n on input line 21.
LaTeX Font Info:    ... okay on input line 21.
LaTeX Font Info:    Checking defaults for OT1/cmr/m/n on input line 21.
LaTeX Font Info:    ... okay on input line 21.
LaTeX Font Info:    Checking defaults for T1/cmr/m/n on input line 21.
LaTeX Font Info:    ... okay on input line 21.
LaTeX Font Info:    Checking defaults for TS1/cmr/m/n on input line 21.
LaTeX Font Info:    ... okay on input line 21.
LaTeX Font Info:    Checking defaults for OMX/cmex/m/n on input line 21.
LaTeX Font Info:    ... okay on input line 21.
LaTeX Font Info:    Checking defaults for U/cmr/m/n on input line 21.
LaTeX Font Info:    ... okay on input line 21.
LaTeX Font Info:    Checking defaults for PD1/pdf/m/n on input line 21.
LaTeX Font Info:    ... okay on input line 21.
LaTeX Font Info:    Trying to load font information for T1+lmr on input line 21
.
 (/usr/share/texmf/tex/latex/lm/t1lmr.fd
File: t1lmr.fd 2009/10/30 v1.6 Font defs for Latin Modern
)
\AtBeginShipoutBox=\box46
Package hyperref Info: Link coloring OFF on input line 21.

(/usr/share/texlive/texmf-dist/tex/latex/hyperref/nameref.sty
Package: nameref 2019/09/16 v2.46 Cross-referencing by name of section

(/usr/share/texlive/texmf-dist/tex/latex/refcount/refcount.sty
Package: refcount 2019/12/15 v3.6 Data extraction from label references (HO)
)
(/usr/share/texlive/texmf-dist/tex/generic/gettitlestring/gettitlestring.sty
Package: gettitlestring 2019/12/15 v1.6 Cleanup title references (HO)
)
\c@section@level=\count187
)
LaTeX Info: Redefining \ref on input line 21.
LaTeX Info: Redefining \pageref on input line 21.
LaTeX Info: Redefining \nameref on input line 21.

(./monografia.out) (./monografia.out)
\@outlinefile=\write3
\openout3 = `monografia.out'.


(/usr/share/texlive/texmf-dist/tex/context/base/mkii/supp-pdf.mkii
[Loading MPS to PDF converter (version 2006.09.02).]
\scratchcounter=\count188
\scratchdimen=\dimen141
\scratchbox=\box47
\nofMPsegments=\count189
\nofMParguments=\count190
\everyMPshowfont=\toks17
\MPscratchCnt=\count191
\MPscratchDim=\dimen142
\MPnumerator=\count192
\makeMPintoPDFobject=\count193
\everyMPtoPDFconversion=\toks18
) (/usr/share/texlive/texmf-dist/tex/latex/epstopdf-pkg/epstopdf-base.sty
Package: epstopdf-base 2020-01-24 v2.11 Base part for package epstopdf
Package epstopdf-base Info: Redefining graphics rule for `.eps' on input line 4
85.

(/usr/share/texlive/texmf-dist/tex/latex/latexconfig/epstopdf-sys.cfg
File: epstopdf-sys.cfg 2010/07/13 v1.3 Configuration of (r)epstopdf for TeX Liv
e
))
LaTeX Font Info:    Trying to load font information for OT1+lmr on input line 2
4.

(/usr/share/texmf/tex/latex/lm/ot1lmr.fd
File: ot1lmr.fd 2009/10/30 v1.6 Font defs for Latin Modern
)
LaTeX Font Info:    Trying to load font information for OML+lmm on input line 2
4.

(/usr/share/texmf/tex/latex/lm/omllmm.fd
File: omllmm.fd 2009/10/30 v1.6 Font defs for Latin Modern
)
LaTeX Font Info:    Trying to load font information for OMS+lmsy on input line 
24.

(/usr/share/texmf/tex/latex/lm/omslmsy.fd
File: omslmsy.fd 2009/10/30 v1.6 Font defs for Latin Modern
)
LaTeX Font Info:    Trying to load font information for OMX+lmex on input line 
24.

(/usr/share/texmf/tex/latex/lm/omxlmex.fd
File: omxlmex.fd 2009/10/30 v1.6 Font defs for Latin Modern
)
LaTeX Font Info:    External font `lmex10' loaded for size
(Font)              <14.4> on input line 24.
LaTeX Font Info:    External font `lmex10' loaded for size
(Font)              <10> on input line 24.
LaTeX Font Info:    External font `lmex10' loaded for size
(Font)              <7> on input line 24.

Overfull \hbox (4.45184pt too wide) in paragraph at lines 28--29
[]\T1/lmr/m/n/12 A Com-putação Quân-tica é uma sub-área da Ciên-cia da Com-puta
ção
 []


Overfull \hbox (13.25145pt too wide) in paragraph at lines 28--29
\T1/lmr/m/n/12 Es-tuda apli-cações das teo-rias e pro-priedades da mecânica quâ
n-tica, seu prin-ci-pal
 []


Overfull \hbox (5.71324pt too wide) in paragraph at lines 28--29
\T1/lmr/m/n/12 mecânica quân-tica, este ganha grande poder de pro-ces-sa-mento 
pela ca-paci-dade
 []


Overfull \hbox (11.48134pt too wide) in paragraph at lines 30--31
\T1/lmr/m/n/12 us-a-dos at-ual-mente em sis-temas de IA. En-quanto os com-puta-
dores con-ven-cionais
 []


Overfull \hbox (5.38766pt too wide) in paragraph at lines 30--31
\T1/lmr/m/n/12 pro-ces-sam in-for-mações como uma série de 0s e 1s (código biná
rio), as máquinas
 []

[1

{/var/lib/texmf/fonts/map/pdftex/updmap/pdftex.map}]
LaTeX Font Info:    Trying to load font information for TS1+lmr on input line 4
0.

(/usr/share/texmf/tex/latex/lm/ts1lmr.fd
File: ts1lmr.fd 2009/10/30 v1.6 Font defs for Latin Modern
)
Overfull \hbox (6.23254pt too wide) in paragraph at lines 40--41
[]\T1/lmr/m/n/12 1959 ^^V Richard Feyn-man afirma a pos-si-bil-i-dade de usar e
feitos quân-ti-cos
 []


Overfull \hbox (16.96144pt too wide) in paragraph at lines 44--45
[]\T1/lmr/m/n/12 1975 ^^V R. P. Poplavskii pub-lica \T1/lmr/m/it/12 Mod-e-los t
er-mod-inâmi-cos de pro-ces-sa-mento
 []


Overfull \hbox (6.62851pt too wide) in paragraph at lines 45--46
\T1/lmr/m/n/12 in-for-mação den-tro do for-mal-ismo de uma mecânica quân-tica g
en-er-al-izada
 []


Overfull \hbox (6.35071pt too wide) in paragraph at lines 46--47
\T1/lmr/m/n/12 de um com-puta-dor. Neste tra-balho, Be-nioff mostrou que um com
-puta-dor
 []


Overfull \hbox (3.88525pt too wide) in paragraph at lines 46--47
\T1/lmr/m/n/12 pode op-erar sob as leis da mecânica quân-tica, de-screvendo uma
 de-scrição
 []


Overfull \hbox (5.67374pt too wide) in paragraph at lines 46--47
\T1/lmr/m/n/12 XOR, fornece um con-junto uni-ver-sal para com-putação clás-sica
 re-ver-sível. 
 []

[2]
Overfull \hbox (22.41055pt too wide) in paragraph at lines 48--49
\T1/lmr/m/n/12 Woot-ters e Wo-j-ciech Zurek, e in-de-pen-den-te-mente Den-nis D
ieks re-desco-brem
 []


Overfull \hbox (3.69pt too wide) in paragraph at lines 50--51
\T1/lmr/m/n/12 com efi-ciên-cia (tese de Church-Turing), o com-puta-dor quân-ti
co uni-ver-sal
 []


Overfull \hbox (6.5642pt too wide) in paragraph at lines 50--51
\T1/lmr/m/n/12 é ca-paz de sim-u-lar qual-quer outro com-puta-dor quân-tico com
, no máx-imo,
 []


Overfull \hbox (4.27527pt too wide) in paragraph at lines 50--51
\T1/lmr/m/n/12 es-que-mas de cor-reção de er-ros quân-ti-cos e dis-cute um códi
go de repetição
 []


Overfull \hbox (5.41405pt too wide) in paragraph at lines 51--52
\T1/lmr/m/n/12 física de um com-puta-dor quân-tico, in-cluindo a porta CNOT de 
Feyn-man.
 []


Overfull \hbox (3.62498pt too wide) in paragraph at lines 51--52
\T1/lmr/m/n/12 quân-tica mod-erna e dos pro-to-co-los de rede us-ando fó-tons p
ara trans-mi-tir
 []


Overfull \hbox (29.2123pt too wide) in paragraph at lines 52--53
\T1/lmr/m/n/12 aci-den-tadas, sug-erindo a eficá-cia do re-co-z-i-mento quân-ti
co so-bre o re-co-z-i-mento
 []


Overfull \hbox (29.20688pt too wide) in paragraph at lines 53--54
[]\T1/lmr/m/n/12 1992 ^^V David Deutsch e Richard Jozsa propõem um prob-lema co
m-puta-cional
 []


Overfull \hbox (15.04744pt too wide) in paragraph at lines 53--54
\T1/lmr/m/n/12 provando que eles eram ca-pazes de re-alizar al-gu-mas tare-fas 
com-puta-cionais
 []

[3]
Overfull \hbox (28.29341pt too wide) in paragraph at lines 54--55
[]\T1/lmr/m/n/12 1993 ^^V De-scoberto o tele-porte quân-tico por Charles Ben-ne
tt e co-lab-o-radores. 
 []


Overfull \hbox (1.53659pt too wide) in paragraph at lines 56--57
\T1/lmr/m/n/12 que mostra que não se pode dele-tar uma cópia de um q-bit de-sco
n-hecido.
 []


Overfull \hbox (1.31729pt too wide) in paragraph at lines 57--58
\T1/lmr/m/n/12 Laflamme e Ger-ard Mil-burn mostram que a com-putação quân-tica 
óp-tica
 []


Overfull \hbox (14.45851pt too wide) in paragraph at lines 57--58
\T1/lmr/m/n/12 é pos-sível com fontes de fó-ton único, el-e-men-tos óp-ti-cos l
in-eares e de-tec-tores
 []


Overfull \hbox (3.41519pt too wide) in paragraph at lines 58--59
[]\T1/lmr/m/n/12 2004 ^^V Primeiro com-puta-dor quân-tico de NMR de es-tado pur
o (baseado
 []

[4]
Overfull \hbox (36.31035pt too wide) in paragraph at lines 65--66
[]\T1/lmr/m/n/12 2016 ^^V A IBM Re-search anun-ciou que, pela primeira vez, est
á disponi-bi-lizando
 []


Overfull \hbox (40.69073pt too wide) in paragraph at lines 66--67
\T1/lmr/m/n/12 disponíveis com-er-cial-mente. IBM, In-tel e Google re-lataram t
es-tar pro-ces-sadores
 []


Underfull \hbox (badness 10000) in paragraph at lines 79--86

 []

[5]
Overfull \hbox (15.3078pt too wide) in paragraph at lines 95--97
[]\T1/lmr/m/n/12 A máquina re-cebe um con-junto de in-struções e ex-e-cuta. O d
is-pos-i-tivo
 []


Overfull \hbox (0.75198pt too wide) in paragraph at lines 99--105
\T1/lmr/m/n/12 con-sta-tou que a com-plex-i-dade para con-strução de com-po-nen
tes (tran-si-s-tores),
 []

[6]
<figura_1.jpg, id=106, 1063.975pt x 744.7825pt>
File: figura_1.jpg Graphic file (type jpg)
<use figura_1.jpg>
Package pdftex.def Info: figura_1.jpg  used on input line 109.
(pdftex.def)             Requested size: 227.62204pt x 159.3296pt.

Underfull \hbox (badness 10000) in paragraph at lines 113--114

 []


Overfull \hbox (18.05215pt too wide) in paragraph at lines 115--116
\T1/lmr/m/n/12 acabou tornando-se um ob-je-tivo para as in-dús-trias de semi-co
n-du-tores, fazendo-as
 []


Overfull \hbox (7.52127pt too wide) in paragraph at lines 125--129
[]\T1/lmr/m/n/12 As funções re-al-izadas em uma máquina de Tur-ing Quân-tica oc
or-rem
 []


Underfull \hbox (badness 10000) in paragraph at lines 125--129

 []

<figura_2.jpg, id=108, 502.87875pt x 697.60625pt>
File: figura_2.jpg Graphic file (type jpg)
<use figura_2.jpg>
Package pdftex.def Info: figura_2.jpg  used on input line 132.
(pdftex.def)             Requested size: 227.62204pt x 315.76143pt.
[7 <./figura_1.jpg>]
Underfull \hbox (badness 10000) in paragraph at lines 135--136

 []


Overfull \hbox (5.04413pt too wide) in paragraph at lines 137--139
[]\T1/lmr/m/n/12 Observa-se na figura 3.3 o primeiro es-quema rep-re-sen-tando 
o es-tado
 []


Overfull \hbox (10.84866pt too wide) in paragraph at lines 145--151
\T1/lmr/m/n/12 val-ores lógi-cos ^^P0^^Q ou ^^P1^^Q. Nos com-puta-dores, bits s
ão fisi-ca-mente rep-re-sen-ta-dos
 []


Overfull \hbox (12.29391pt too wide) in paragraph at lines 151--159
\T1/lmr/m/n/12 qual-quer su-per-posição de-les. Fisi-ca-mente, q-bits são rep-r
e-sen-ta-dos por qual-quer
 []

[8 <./figura_2.jpg>]
LaTeX Font Info:    External font `lmex10' loaded for size
(Font)              <12> on input line 161.
LaTeX Font Info:    External font `lmex10' loaded for size
(Font)              <8> on input line 161.
LaTeX Font Info:    External font `lmex10' loaded for size
(Font)              <6> on input line 161.

Underfull \hbox (badness 10000) in paragraph at lines 178--182

 []


Overfull \hbox (28.30002pt too wide) in paragraph at lines 191--199
\T1/lmr/m/n/12 forma que o es-tado quân-tico de cada uma não pode ser de-scrito
 in-de-pen-den-te-mente,
 []

[9]
Overfull \hbox (7.06358pt too wide) in paragraph at lines 202--206
[]\T1/lmr/m/n/12 Não ex-iste uma trans-for-mação que clona, ou que copia, sem p
re-juízo
 []


Underfull \hbox (badness 10000) in paragraph at lines 216--221

 []

[10]
<figura_3.jpg, id=133, 180.675pt x 139.52126pt>
File: figura_3.jpg Graphic file (type jpg)
<use figura_3.jpg>
Package pdftex.def Info: figura_3.jpg  used on input line 237.
(pdftex.def)             Requested size: 85.35826pt x 65.91562pt.

Underfull \hbox (badness 10000) in paragraph at lines 245--249

 []

[11 <./figura_3.jpg>]
<figura_4.jpg, id=139, 202.7575pt x 215.80624pt>
File: figura_4.jpg Graphic file (type jpg)
<use figura_4.jpg>
Package pdftex.def Info: figura_4.jpg  used on input line 270.
(pdftex.def)             Requested size: 85.35826pt x 90.85204pt.

Underfull \hbox (badness 10000) in paragraph at lines 273--275

 []


Underfull \hbox (badness 10000) in paragraph at lines 278--282

 []

[12 <./figura_4.jpg>]
<figura_5.jpg, id=145, 461.725pt x 148.555pt>
File: figura_5.jpg Graphic file (type jpg)
<use figura_5.jpg>
Package pdftex.def Info: figura_5.jpg  used on input line 299.
(pdftex.def)             Requested size: 227.62204pt x 73.23459pt.

Underfull \hbox (badness 10000) in paragraph at lines 302--303

 []


Underfull \hbox (badness 10000) in paragraph at lines 306--310

 []

[13 <./figura_5.jpg>]
<figura_6.jpg, id=152, 199.74625pt x 225.84375pt>
File: figura_6.jpg Graphic file (type jpg)
<use figura_6.jpg>
Package pdftex.def Info: figura_6.jpg  used on input line 329.
(pdftex.def)             Requested size: 85.35826pt x 96.51129pt.


Package hyperref Warning: Token not allowed in a PDF string (PDFDocEncoding):
(hyperref)                removing `math shift' on input line 335.


Package hyperref Warning: Token not allowed in a PDF string (PDFDocEncoding):
(hyperref)                removing `subscript' on input line 335.


Package hyperref Warning: Token not allowed in a PDF string (PDFDocEncoding):
(hyperref)                removing `math shift' on input line 335.

[14 <./figura_6.jpg>]
<figura_7.jpg, id=159, 214.8025pt x 157.58875pt>
File: figura_7.jpg Graphic file (type jpg)
<use figura_7.jpg>
Package pdftex.def Info: figura_7.jpg  used on input line 349.
(pdftex.def)             Requested size: 85.35826pt x 62.62318pt.

Overfull \hbox (7.6068pt too wide) in paragraph at lines 368--380
\T1/lmr/m/n/12 quân-tica tam-bém prop-i-ciará apli-cações que al-cancem desde a
s vi-a-gens es-pa-ci-ais
 []


Overfull \hbox (4.9131pt too wide) in paragraph at lines 382--386
[]\T1/lmr/m/n/12 O es-tudo da com-putação quân-tica mostra-se de grande im-port
ân-cia
 []


Underfull \hbox (badness 10000) in paragraph at lines 392--393

 []

[15 <./figura_7.jpg>]
Underfull \hbox (badness 10000) in paragraph at lines 394--395

 []

LaTeX Font Info:    Trying to load font information for T1+lmtt on input line 3
96.
(/usr/share/texmf/tex/latex/lm/t1lmtt.fd
File: t1lmtt.fd 2009/10/30 v1.6 Font defs for Latin Modern
)
Underfull \hbox (badness 10000) in paragraph at lines 396--397

 []


Overfull \hbox (20.21423pt too wide) in paragraph at lines 398--399
\T1/lmr/m/n/12 [4] []$\T1/lmtt/m/n/12 https : / / en . wikipedia . org / wiki /
 Timeline _ of _ quantum _ computing _ and _
 []


Underfull \hbox (badness 10000) in paragraph at lines 398--399

 []


Underfull \hbox (badness 10000) in paragraph at lines 400--402

 []


Overfull \hbox (59.76425pt too wide) in paragraph at lines 403--404
\T1/lmr/m/n/12 [6] []$\T1/lmtt/m/n/12 https : / / www . quthought . com / post 
/ history-[]of-[]quantum-[]computing-[]a-[]timeline$[] 
 []


Underfull \hbox (badness 10000) in paragraph at lines 403--404

 []

Package atveryend Info: Empty hook `BeforeClearDocument' on input line 406.
[16]
Package atveryend Info: Empty hook `AfterLastShipout' on input line 406.
 (./monografia.aux)
Package atveryend Info: Executing hook `AtVeryEndDocument' on input line 406.
Package atveryend Info: Executing hook `AtEndAfterFileList' on input line 406.
Package rerunfilecheck Info: File `monografia.out' has not changed.
(rerunfilecheck)             Checksum: 6DCCD03B7F85CA2412E4B399444208E0;1166.
Package atveryend Info: Empty hook `AtVeryVeryEnd' on input line 406.
 ) 
Here is how much of TeX's memory you used:
 5723 strings out of 481239
 88025 string characters out of 5920378
 340008 words of memory out of 5000000
 20828 multiletter control sequences out of 15000+600000
 578218 words of font info for 54 fonts, out of 8000000 for 9000
 1141 hyphenation exceptions out of 8191
 34i,8n,31p,909b,377s stack positions out of 5000i,500n,10000p,200000b,80000s
{/usr/share/texmf/fonts/enc/dvips/lm/lm-ec.enc}{/usr/share/texmf/fonts/enc/dv
ips/lm/lm-mathit.enc}{/usr/share/texmf/fonts/enc/dvips/lm/lm-rm.enc}{/usr/share
/texmf/fonts/enc/dvips/lm/lm-mathex.enc}{/usr/share/texmf/fonts/enc/dvips/lm/lm
-mathsy.enc}{/usr/share/texmf/fonts/enc/dvips/lm/lm-ts1.enc}</usr/share/texmf/f
onts/type1/public/lm/lmbx12.pfb></usr/share/texmf/fonts/type1/public/lm/lmex10.
pfb></usr/share/texmf/fonts/type1/public/lm/lmmi10.pfb></usr/share/texmf/fonts/
type1/public/lm/lmmi12.pfb></usr/share/texmf/fonts/type1/public/lm/lmr12.pfb></
usr/share/texmf/fonts/type1/public/lm/lmr17.pfb></usr/share/texmf/fonts/type1/p
ublic/lm/lmr8.pfb></usr/share/texmf/fonts/type1/public/lm/lmri12.pfb></usr/shar
e/texmf/fonts/type1/public/lm/lmsy10.pfb></usr/share/texmf/fonts/type1/public/l
m/lmtt12.pfb>
Output written on monografia.pdf (16 pages, 356660 bytes).
PDF statistics:
 227 PDF objects out of 1000 (max. 8388607)
 183 compressed objects within 2 object streams
 36 named destinations out of 1000 (max. 500000)
 180 words of extra memory for PDF output out of 10000 (max. 10000000)

